[수집 시작] since=07-May-2026 dry_run=False
기간 내 메일 14건 — 분류 시작
제목 기준 후보 14건
신규 후보 0건 (이미 있음: 14건)

[완료] 신규삽입=0 스킵=0 에러=0
[수집 시작] since=08-May-2026 dry_run=False
기간 내 메일 16건 — 분류 시작
제목 기준 후보 16건
신규 후보 5건 (이미 있음: 11건)
  [out_of_stock ] 주식회사 미페마             | [품절안내] 황후지화 리본연 3종 [A0654]
      products=['황후지화 리본연 3종 [A0654]'] matched=5
  [out_of_stock ] 주식회사 미페마             | [품절안내] 명품 구운란 "대란옵션" 일시품절
      products=['명품 구운란 "대란옵션"'] matched=5
  [out_of_stock ] 주식회사 미페마             | [품절안내] ★특가★ 햇 마늘쫑 (특품) 품절
      products=['★특가★ 햇 마늘쫑 (특품)'] matched=0
  [out_of_stock ] 주식회사 미페마             | [품절안내]  ★초특가★ 가정용 부사사과 (랜덤과) 10KG옵션
      products=['★초특가★ 가정용 부사사과 (랜덤과) 10KG옵션'] matched=2
  [out_of_stock ] 주식회사 미페마             | [품절안내]  "반건조 오징어 일부옵션 일시품절 - ""반건조오징어 5미 450G 내외""
      products=['"반건조 오징어 일부옵션 일시품절 - ""반건조오징어 5미 450G 내외"" - ""반건조오징어 10미 900G 내외"""'] matched=5

[완료] 신규삽입=5 스킵=0 에러=0
[수집 시작] since=09-May-2026 dry_run=False
기간 내 메일 12건 — 분류 시작
제목 기준 후보 12건
신규 후보 1건 (이미 있음: 11건)
  [discontinued ] 주식회사 미페마             | [판매종료안내] 가성비 카라향 시즌아웃
      products=['가성비 카라향', '가성비 카라향 시즌아웃'] matched=1

[완료] 신규삽입=1 스킵=0 에러=0
[수집 시작] since=10-May-2026 dry_run=False
기간 내 메일 12건 — 분류 시작
제목 기준 후보 12건
신규 후보 0건 (이미 있음: 12건)

[완료] 신규삽입=0 스킵=0 에러=0
[수집 시작] since=11-May-2026 dry_run=False
기간 내 메일 12건 — 분류 시작
제목 기준 후보 12건
신규 후보 0건 (이미 있음: 12건)

[완료] 신규삽입=0 스킵=0 에러=0
[수집 시작] since=12-May-2026 dry_run=False
기간 내 메일 10건 — 분류 시작
제목 기준 후보 10건
신규 후보 0건 (이미 있음: 10건)

[완료] 신규삽입=0 스킵=0 에러=0
[수집 시작] since=13-May-2026 dry_run=False
기간 내 메일 7건 — 분류 시작
제목 기준 후보 7건
신규 후보 1건 (이미 있음: 6건)
  [restock      ] 주식회사 미페마             | [재입고안내] 보령 눈박사 루테인 [A0433]
      products=['보령 눈박사 루테인 [A0433]'] matched=5

[완료] 신규삽입=1 스킵=0 에러=0
[수집 시작] since=14-May-2026 dry_run=False
기간 내 메일 7건 — 분류 시작
제목 기준 후보 7건
신규 후보 0건 (이미 있음: 7건)

[완료] 신규삽입=0 스킵=0 에러=0
[수집 시작] since=15-May-2026 dry_run=False
기간 내 메일 4건 — 분류 시작
제목 기준 후보 4건
신규 후보 2건 (이미 있음: 2건)
  [out_of_stock ] 주식회사 미페마             | [품절안내]  동의삼 홍삼로얄젤리스틱 30포 [A0891]
      products=['동의삼 홍삼로얄젤리스틱 30포 [A0891]'] matched=5
  [out_of_stock ] 주식회사 미페마             | [품절안내]  나우앤댄 스칼프 헤어 샴푸 500ml
      products=['나우앤댄 스칼프 헤어 샴푸 500ml'] matched=5

[완료] 신규삽입=2 스킵=0 에러=0
[수집 시작] since=16-May-2026 dry_run=False
기간 내 메일 3건 — 분류 시작
제목 기준 후보 3건
신규 후보 0건 (이미 있음: 3건)

[완료] 신규삽입=0 스킵=0 에러=0
[수집 시작] since=17-May-2026 dry_run=False
기간 내 메일 3건 — 분류 시작
제목 기준 후보 3건
신규 후보 0건 (이미 있음: 3건)

[완료] 신규삽입=0 스킵=0 에러=0
[수집 시작] since=18-May-2026 dry_run=False
기간 내 메일 3건 — 분류 시작
제목 기준 후보 3건
신규 후보 0건 (이미 있음: 3건)

[완료] 신규삽입=0 스킵=0 에러=0
[수집 시작] since=19-May-2026 dry_run=False
기간 내 메일 3건 — 분류 시작
제목 기준 후보 3건
신규 후보 0건 (이미 있음: 3건)

[완료] 신규삽입=0 스킵=0 에러=0
[수집 시작] since=20-May-2026 dry_run=False
기간 내 메일 5건 — 분류 시작
제목 기준 후보 5건
신규 후보 3건 (이미 있음: 2건)
  [out_of_stock ] 주식회사 미페마             | [품절안내] 구운란 난각번호 옵션별
      products=['구운란 난각번호 옵션별'] matched=3
  [discontinued ] 주식회사 미페마             | [단종안내] 모까망 블랙헤어 트리트먼트 300ML
      products=['모까망 블랙헤어 트리트먼트 300ML'] matched=0
  [out_of_stock ] 주식회사 미페마             | [품절안내] 구운란 난각번호 옵션별 [슬로우에그]
      products=['구운란 난각번호 옵션별 [슬로우에그]'] matched=3

[완료] 신규삽입=3 스킵=0 에러=0
[수집 시작] since=21-May-2026 dry_run=False
기간 내 메일 7건 — 분류 시작
제목 기준 후보 7건
신규 후보 2건 (이미 있음: 5건)
  [restock      ] 주식회사 미페마             | [재입고안내] 김소형원방 흑염소 진액스틱 100포 [A0796]
      products=['김소형원방 흑염소 진액스틱 100포 [A0796]'] matched=5
  [discontinued ] 주식회사 미페마             | [단종안내] 비욘드오리진 밀크씨슬 플러스 [G0005]
      products=['비욘드오리진 밀크씨슬 플러스 [G0005]'] matched=5

[완료] 신규삽입=2 스킵=0 에러=0
